2018-01-09 20:36:07,246 - [in.licious.test.ValidLoginTest] - INFO - framework is initialised 
2018-01-09 20:36:07,265 - [in.licious.test.ValidLoginTest] - INFO - chrome 
2018-01-09 20:36:07,265 - [in.licious.test.ValidLoginTest] - INFO - https://www.licious.in 
2018-01-09 20:36:07,266 - [in.licious.test.ValidLoginTest] - INFO - demo 
2018-01-09 20:36:07,267 - [in.licious.test.ValidLoginTest] - INFO - optdemo 
2018-01-09 20:36:07,267 - [in.licious.test.ValidLoginTest] - INFO - 10 
2018-01-09 20:36:34,269 - [in.licious.test.ValidLoginTest] - INFO - chrome is launched 
2018-01-09 20:37:01,323 - [in.licious.test.ValidLoginTest] - INFO - chrome is closed 
2018-01-09 20:45:30,371 - [in.licious.test.ValidLoginTest] - INFO - framework is initialised 
2018-01-09 20:45:30,390 - [in.licious.test.ValidLoginTest] - INFO - chrome 
2018-01-09 20:45:30,391 - [in.licious.test.ValidLoginTest] - INFO - https://www.licious.in 
2018-01-09 20:45:30,392 - [in.licious.test.ValidLoginTest] - INFO - demo 
2018-01-09 20:45:30,393 - [in.licious.test.ValidLoginTest] - INFO - optdemo 
2018-01-09 20:45:30,393 - [in.licious.test.ValidLoginTest] - INFO - 10 
2018-01-09 20:46:38,715 - [in.licious.test.ValidLoginTest] - INFO - framework is initialised 
2018-01-09 20:46:38,753 - [in.licious.test.ValidLoginTest] - INFO - chrome 
2018-01-09 20:46:38,754 - [in.licious.test.ValidLoginTest] - INFO - https://www.licious.in 
2018-01-09 20:46:38,755 - [in.licious.test.ValidLoginTest] - INFO - demo 
2018-01-09 20:46:38,755 - [in.licious.test.ValidLoginTest] - INFO - optdemo 
2018-01-09 20:46:38,756 - [in.licious.test.ValidLoginTest] - INFO - 10 
2018-01-09 20:47:00,237 - [in.licious.test.ValidLoginTest] - INFO - chrome is launched 
2018-01-09 21:04:23,806 - [in.licious.test.ValidLoginTest] - INFO - framework is initialised 
2018-01-09 21:04:23,826 - [in.licious.test.ValidLoginTest] - INFO - chrome 
2018-01-09 21:04:23,827 - [in.licious.test.ValidLoginTest] - INFO - https://www.licious.in 
2018-01-09 21:04:23,828 - [in.licious.test.ValidLoginTest] - INFO - demo 
2018-01-09 21:04:23,829 - [in.licious.test.ValidLoginTest] - INFO - optdemo 
2018-01-09 21:04:23,830 - [in.licious.test.ValidLoginTest] - INFO - 10 
2018-01-09 21:04:53,581 - [in.licious.test.ValidLoginTest] - INFO - chrome is launched 
2018-01-09 21:05:30,647 - [in.licious.test.ValidLoginTest] - INFO - chrome is closed 
2018-01-09 21:14:59,472 - [in.licious.test.ValidLoginTest] - INFO - framework is initialised 
2018-01-09 21:14:59,492 - [in.licious.test.ValidLoginTest] - INFO - chrome 
2018-01-09 21:14:59,493 - [in.licious.test.ValidLoginTest] - INFO - https://www.licious.in 
2018-01-09 21:14:59,494 - [in.licious.test.ValidLoginTest] - INFO - demo 
2018-01-09 21:14:59,495 - [in.licious.test.ValidLoginTest] - INFO - optdemo 
2018-01-09 21:14:59,496 - [in.licious.test.ValidLoginTest] - INFO - 10 
2018-01-09 21:15:17,347 - [in.licious.test.ValidLoginTest] - INFO - chrome is launched 
2018-01-09 21:15:34,729 - [in.licious.test.ValidLoginTest] - INFO - chrome is closed 
2018-01-09 21:17:47,629 - [in.licious.test.ValidLoginTest] - INFO - framework is initialised 
2018-01-09 21:17:47,658 - [in.licious.test.ValidLoginTest] - INFO - chrome 
2018-01-09 21:17:47,659 - [in.licious.test.ValidLoginTest] - INFO - https://www.licious.in 
2018-01-09 21:17:47,659 - [in.licious.test.ValidLoginTest] - INFO - demo 
2018-01-09 21:17:47,660 - [in.licious.test.ValidLoginTest] - INFO - optdemo 
2018-01-09 21:17:47,661 - [in.licious.test.ValidLoginTest] - INFO - 10 
2018-01-09 21:18:58,300 - [in.licious.test.ValidLoginTest] - INFO - chrome is launched 
2018-01-09 21:19:14,726 - [in.licious.test.ValidLoginTest] - INFO - chrome is closed 
2018-01-09 21:31:02,360 - [in.licious.test.ValidLoginTest] - INFO - framework is initialised 
2018-01-09 21:31:02,380 - [in.licious.test.ValidLoginTest] - INFO - chrome 
2018-01-09 21:31:02,381 - [in.licious.test.ValidLoginTest] - INFO - https://www.licious.in 
2018-01-09 21:31:02,381 - [in.licious.test.ValidLoginTest] - INFO - demo 
2018-01-09 21:31:02,382 - [in.licious.test.ValidLoginTest] - INFO - optdemo 
2018-01-09 21:31:02,383 - [in.licious.test.ValidLoginTest] - INFO - 10 
2018-01-09 21:32:14,117 - [in.licious.test.ValidLoginTest] - INFO - chrome is launched 
2018-01-09 21:32:32,890 - [in.licious.test.ValidLoginTest] - INFO - chrome is closed 
2018-01-09 21:38:15,533 - [in.licious.test.ValidLoginTest] - INFO - framework is initialised 
2018-01-09 21:38:15,551 - [in.licious.test.ValidLoginTest] - INFO - chrome 
2018-01-09 21:38:15,552 - [in.licious.test.ValidLoginTest] - INFO - https://www.licious.in 
2018-01-09 21:38:15,553 - [in.licious.test.ValidLoginTest] - INFO - demo 
2018-01-09 21:38:15,554 - [in.licious.test.ValidLoginTest] - INFO - optdemo 
2018-01-09 21:38:15,555 - [in.licious.test.ValidLoginTest] - INFO - 10 
2018-01-09 21:38:51,674 - [in.licious.test.ValidLoginTest] - INFO - chrome is launched 
2018-01-09 21:39:12,404 - [in.licious.test.ValidLoginTest] - INFO - chrome is closed 
2018-01-10 10:17:37,239 - [in.licious.test.ValidLoginTest] - INFO - framework is initialised 
2018-01-10 10:17:37,311 - [in.licious.test.ValidLoginTest] - INFO - chrome 
2018-01-10 10:17:37,312 - [in.licious.test.ValidLoginTest] - INFO - https://www.licious.in 
2018-01-10 10:17:37,312 - [in.licious.test.ValidLoginTest] - INFO - demo 
2018-01-10 10:17:37,313 - [in.licious.test.ValidLoginTest] - INFO - optdemo 
2018-01-10 10:17:37,314 - [in.licious.test.ValidLoginTest] - INFO - 10 
2018-01-10 10:18:09,064 - [in.licious.test.ValidLoginTest] - INFO - chrome is launched 
2018-01-10 10:18:27,890 - [in.licious.test.ValidLoginTest] - INFO - chrome is closed 
2018-01-10 10:24:03,626 - [in.licious.test.ValidLoginTest] - INFO - framework is initialised 
2018-01-10 10:24:03,648 - [in.licious.test.ValidLoginTest] - INFO - chrome 
2018-01-10 10:24:03,649 - [in.licious.test.ValidLoginTest] - INFO - https://www.licious.in 
2018-01-10 10:24:03,650 - [in.licious.test.ValidLoginTest] - INFO - demo 
2018-01-10 10:24:03,650 - [in.licious.test.ValidLoginTest] - INFO - optdemo 
2018-01-10 10:24:03,651 - [in.licious.test.ValidLoginTest] - INFO - 10 
2018-01-10 10:24:23,709 - [in.licious.test.ValidLoginTest] - INFO - chrome is launched 
2018-01-10 10:24:41,551 - [in.licious.test.ValidLoginTest] - INFO - chrome is closed 
2018-01-10 10:25:39,212 - [in.licious.test.ValidLoginTest] - INFO - framework is initialised 
2018-01-10 10:25:39,235 - [in.licious.test.ValidLoginTest] - INFO - chrome 
2018-01-10 10:25:39,236 - [in.licious.test.ValidLoginTest] - INFO - https://www.licious.in 
2018-01-10 10:25:39,237 - [in.licious.test.ValidLoginTest] - INFO - demo 
2018-01-10 10:25:39,239 - [in.licious.test.ValidLoginTest] - INFO - optdemo 
2018-01-10 10:25:39,239 - [in.licious.test.ValidLoginTest] - INFO - 10 
2018-01-10 10:27:27,132 - [in.licious.test.ValidLoginTest] - INFO - chrome is launched 
2018-01-10 10:27:43,006 - [in.licious.test.ValidLoginTest] - INFO - chrome is closed 
2018-01-10 10:29:15,695 - [in.licious.test.ValidLoginTest] - INFO - framework is initialised 
2018-01-10 10:29:15,713 - [in.licious.test.ValidLoginTest] - INFO - chrome 
2018-01-10 10:29:15,714 - [in.licious.test.ValidLoginTest] - INFO - https://www.licious.in 
2018-01-10 10:29:15,715 - [in.licious.test.ValidLoginTest] - INFO - demo 
2018-01-10 10:29:15,716 - [in.licious.test.ValidLoginTest] - INFO - optdemo 
2018-01-10 10:29:15,716 - [in.licious.test.ValidLoginTest] - INFO - 5 
2018-01-10 10:29:32,199 - [in.licious.test.ValidLoginTest] - INFO - chrome is launched 
2018-01-10 10:29:48,672 - [in.licious.test.ValidLoginTest] - INFO - chrome is closed 
2018-01-10 10:30:19,580 - [in.licious.test.ValidLoginTest] - INFO - framework is initialised 
2018-01-10 10:30:19,596 - [in.licious.test.ValidLoginTest] - INFO - chrome 
2018-01-10 10:30:19,597 - [in.licious.test.ValidLoginTest] - INFO - https://www.licious.in 
2018-01-10 10:30:19,598 - [in.licious.test.ValidLoginTest] - INFO - demo 
2018-01-10 10:30:19,599 - [in.licious.test.ValidLoginTest] - INFO - optdemo 
2018-01-10 10:30:19,600 - [in.licious.test.ValidLoginTest] - INFO - 5 
2018-01-10 10:30:37,156 - [in.licious.test.ValidLoginTest] - INFO - chrome is launched 
2018-01-10 10:30:53,988 - [in.licious.test.ValidLoginTest] - INFO - chrome is closed 
2018-01-10 10:38:01,982 - [in.licious.test.ValidLoginTest] - INFO - framework is initialised 
2018-01-10 10:38:02,003 - [in.licious.test.ValidLoginTest] - INFO - chrome 
2018-01-10 10:38:02,004 - [in.licious.test.ValidLoginTest] - INFO - https://www.licious.in 
2018-01-10 10:38:02,005 - [in.licious.test.ValidLoginTest] - INFO - demo 
2018-01-10 10:38:02,006 - [in.licious.test.ValidLoginTest] - INFO - optdemo 
2018-01-10 10:38:02,006 - [in.licious.test.ValidLoginTest] - INFO - 5 
2018-01-10 10:38:21,025 - [in.licious.test.ValidLoginTest] - INFO - chrome is launched 
2018-01-10 10:38:32,594 - [in.licious.test.ValidLoginTest] - INFO - chrome is closed 
2018-01-10 11:46:26,554 - [in.licious.test.ValidLoginTest] - INFO - framework is initialised 
2018-01-10 11:46:26,563 - [in.licious.test.ValidLoginTest] - INFO - chrome 
2018-01-10 11:46:26,563 - [in.licious.test.ValidLoginTest] - INFO - https://www.licious.in 
2018-01-10 11:46:26,563 - [in.licious.test.ValidLoginTest] - INFO - demo 
2018-01-10 11:46:26,564 - [in.licious.test.ValidLoginTest] - INFO - optdemo 
2018-01-10 11:46:26,564 - [in.licious.test.ValidLoginTest] - INFO - 5 
2018-01-10 11:48:20,911 - [in.licious.test.ValidLoginTest] - INFO - chrome is launched 
2018-01-10 11:48:34,538 - [in.licious.test.ValidLoginTest] - INFO - chrome is closed 
2018-01-10 11:58:18,941 - [in.licious.test.ValidLoginTest] - INFO - framework is initialised 
2018-01-10 11:58:18,961 - [in.licious.test.ValidLoginTest] - INFO - chrome 
2018-01-10 11:58:18,962 - [in.licious.test.ValidLoginTest] - INFO - https://www.licious.in 
2018-01-10 11:58:18,963 - [in.licious.test.ValidLoginTest] - INFO - demo 
2018-01-10 11:58:18,964 - [in.licious.test.ValidLoginTest] - INFO - optdemo 
2018-01-10 11:58:18,965 - [in.licious.test.ValidLoginTest] - INFO - 5 
2018-01-10 11:58:39,981 - [in.licious.test.ValidLoginTest] - INFO - chrome is launched 
2018-01-10 11:58:56,056 - [in.licious.test.ValidLoginTest] - INFO - chrome is closed 
2018-01-10 12:08:52,623 - [in.licious.test.ValidLoginTest] - INFO - framework is initialised 
2018-01-10 12:08:52,643 - [in.licious.test.ValidLoginTest] - INFO - chrome 
2018-01-10 12:08:52,644 - [in.licious.test.ValidLoginTest] - INFO - https://www.licious.in 
2018-01-10 12:08:52,645 - [in.licious.test.ValidLoginTest] - INFO - demo 
2018-01-10 12:08:52,646 - [in.licious.test.ValidLoginTest] - INFO - optdemo 
2018-01-10 12:08:52,646 - [in.licious.test.ValidLoginTest] - INFO - 5 
2018-01-10 12:09:13,269 - [in.licious.test.ValidLoginTest] - INFO - chrome is launched 
2018-01-10 12:09:29,398 - [in.licious.test.ValidLoginTest] - INFO - chrome is closed 
2018-01-10 22:59:45,855 - [in.licious.test.ValidLoginTest] - INFO - framework is initialised 
2018-01-10 22:59:46,087 - [in.licious.test.ValidLoginTest] - INFO - chrome 
2018-01-10 22:59:46,088 - [in.licious.test.ValidLoginTest] - INFO - https://www.licious.in 
2018-01-10 22:59:46,089 - [in.licious.test.ValidLoginTest] - INFO - demo 
2018-01-10 22:59:46,089 - [in.licious.test.ValidLoginTest] - INFO - optdemo 
2018-01-10 22:59:46,090 - [in.licious.test.ValidLoginTest] - INFO - 5 
2018-01-10 23:00:15,464 - [in.licious.test.ValidLoginTest] - INFO - chrome is launched 
2018-01-10 23:00:23,516 - [in.licious.test.ValidLoginTest] - INFO - chrome is closed 
